TN:
SF:script/CSAMM.s.sol
FN:15,CSAMMScript.run
FNDA:0,CSAMMScript.run
DA:16,0
DA:17,0
DA:18,0
DA:19,0
DA:20,0
FNF:1
FNH:0
LF:5
LH:0
BRF:0
BRH:0
end_of_record
TN:
SF:src/CSAMM.sol
FN:48,CSAMM._mint
FNDA:17,CSAMM._mint
DA:50,17
DA:51,17
FN:55,CSAMM._burn
FNDA:2,CSAMM._burn
DA:57,2
DA:58,2
FN:62,CSAMM._update
FNDA:24,CSAMM._update
DA:63,24
DA:64,24
FN:71,CSAMM.swap
FNDA:5,CSAMM.swap
DA:72,5
BRDA:72,0,0,1
BRDA:72,0,1,4
DA:73,1
DA:76,4
BRDA:76,1,0,2
BRDA:76,1,1,2
DA:77,2
DA:84,2
BRDA:84,2,0,-
BRDA:84,2,1,2
DA:86,2
DA:88,2
BRDA:88,3,0,-
BRDA:88,3,1,2
DA:89,2
DA:90,2
DA:93,0
DA:94,0
DA:99,2
DA:101,2
BRDA:101,4,0,2
BRDA:101,4,1,-
DA:102,2
DA:105,0
DA:109,2
BRDA:109,5,0,-
BRDA:109,5,1,2
DA:110,2
DA:113,0
DA:116,2
FN:119,CSAMM.refactorSwap
FNDA:5,CSAMM.refactorSwap
DA:120,5
BRDA:120,6,0,1
BRDA:120,6,1,4
DA:121,1
DA:124,4
BRDA:124,7,0,1
BRDA:124,7,1,3
DA:125,1
DA:128,3
BRDA:128,8,0,-
BRDA:128,8,1,3
DA:129,0
DA:132,3
DA:134,3
DA:137,3
DA:139,3
DA:141,3
DA:143,3
DA:146,3
DA:148,3
DA:150,3
FN:154,CSAMM.addLiquidity
FNDA:18,CSAMM.addLiquidity
DA:155,18
BRDA:155,9,0,1
BRDA:155,9,1,17
DA:156,1
DA:159,17
DA:160,17
DA:162,17
DA:163,17
DA:165,17
DA:166,17
DA:168,17
BRDA:168,10,0,11
BRDA:168,10,1,6
DA:170,11
DA:173,6
DA:176,17
BRDA:176,11,0,-
BRDA:176,11,1,17
DA:177,0
DA:180,17
DA:182,17
DA:184,17
FN:189,CSAMM.removeLiquidity
FNDA:4,CSAMM.removeLiquidity
DA:192,4
BRDA:192,12,0,1
DA:197,3
BRDA:197,13,0,1
BRDA:197,13,1,2
DA:198,1
DA:201,2
DA:202,2
DA:204,2
DA:206,2
DA:208,2
BRDA:208,14,0,-
BRDA:208,14,1,2
DA:209,2
DA:212,2
BRDA:212,15,0,-
BRDA:212,15,1,2
DA:213,2
DA:216,2
FN:223,CSAMM.getToken0
FNDA:4,CSAMM.getToken0
DA:224,6
FN:227,CSAMM.getToken1
FNDA:3,CSAMM.getToken1
DA:228,3
FN:231,CSAMM.getReserve0
FNDA:2,CSAMM.getReserve0
DA:232,2
FN:235,CSAMM.getReserve1
FNDA:2,CSAMM.getReserve1
DA:236,2
FN:239,CSAMM.getTotalSupplyShares
FNDA:2,CSAMM.getTotalSupplyShares
DA:240,2
FN:243,CSAMM.getBalanceOf
FNDA:1,CSAMM.getBalanceOf
DA:244,1
FNF:13
FNH:13
LF:74
LH:68
BRF:31
BRH:23
end_of_record
